This is pdfTeX, Version 3.14159265-2.6-1.40.21 (MiKTeX 2.9.7300 64-bit) (preloaded format=pdflatex 2020.3.22)  2 OCT 2020 14:28
entering extended mode
**./CV_JoaoPereira_Source.tex
(CV_JoaoPereira_Source.tex
LaTeX2e <2020-02-02> patch level 5
L3 programming layer <2020-03-06>
("C:\Program Files\MiKTeX 2.9\tex/latex/base\article.cls"
Document Class: article 2019/12/20 v1.4l Standard LaTeX document class
("C:\Program Files\MiKTeX 2.9\tex/latex/base\size10.clo"
File: size10.clo 2019/12/20 v1.4l Standard LaTeX file (size option)
)
\c@part=\count167
\c@section=\count168
\c@subsection=\count169
\c@subsubsection=\count170
\c@paragraph=\count171
\c@subparagraph=\count172
\c@figure=\count173
\c@table=\count174
\abovecaptionskip=\skip47
\belowcaptionskip=\skip48
\bibindent=\dimen134
)
("C:\Program Files\MiKTeX 2.9\tex/latex/titlesec\titlesec.sty"
Package: titlesec 2019/10/16 v2.13 Sectioning titles
\ttl@box=\box45
\beforetitleunit=\skip49
\aftertitleunit=\skip50
\ttl@plus=\dimen135
\ttl@minus=\dimen136
\ttl@toksa=\toks15
\titlewidth=\dimen137
\titlewidthlast=\dimen138
\titlewidthfirst=\dimen139
)
("C:\Program Files\MiKTeX 2.9\tex/latex/titling\titling.sty"
Package: titling 2009/09/04 v2.1d maketitle typesetting
\thanksmarkwidth=\skip51
\thanksmargin=\skip52
\droptitle=\skip53
)
("C:\Program Files\MiKTeX 2.9\tex/latex/geometry\geometry.sty"
Package: geometry 2020/01/02 v5.9 Page Geometry

("C:\Program Files\MiKTeX 2.9\tex/latex/graphics\keyval.sty"
Package: keyval 2014/10/28 v1.15 key=value parser (DPC)
\KV@toks@=\toks16
)
("C:\Program Files\MiKTeX 2.9\tex/generic/iftex\ifvtex.sty"
Package: ifvtex 2019/10/25 v1.7 ifvtex legacy package. Use iftex instead.

("C:\Program Files\MiKTeX 2.9\tex/generic/iftex\iftex.sty"
Package: iftex 2020/03/06 v1.0d TeX engine tests
))
\Gm@cnth=\count175
\Gm@cntv=\count176
\c@Gm@tempcnt=\count177
\Gm@bindingoffset=\dimen140
\Gm@wd@mp=\dimen141
\Gm@odd@mp=\dimen142
\Gm@even@mp=\dimen143
\Gm@layoutwidth=\dimen144
\Gm@layoutheight=\dimen145
\Gm@layouthoffset=\dimen146
\Gm@layoutvoffset=\dimen147
\Gm@dimlist=\toks17

("C:\Program Files\MiKTeX 2.9\tex/latex/geometry\geometry.cfg"))
("C:\Program Files\MiKTeX 2.9\tex/latex/tools\array.sty"
Package: array 2019/08/31 v2.4l Tabular extension package (FMi)
\col@sep=\dimen148
\ar@mcellbox=\box46
\extrarowheight=\dimen149
\NC@list=\toks18
\extratabsurround=\skip54
\backup@length=\skip55
\ar@cellbox=\box47
)
("C:\Program Files\MiKTeX 2.9\tex/latex/graphics\graphicx.sty"
Package: graphicx 2019/11/30 v1.2a Enhanced LaTeX Graphics (DPC,SPQR)

("C:\Program Files\MiKTeX 2.9\tex/latex/graphics\graphics.sty"
Package: graphics 2019/11/30 v1.4a Standard LaTeX Graphics (DPC,SPQR)

("C:\Program Files\MiKTeX 2.9\tex/latex/graphics\trig.sty"
Package: trig 2016/01/03 v1.10 sin cos tan (DPC)
)
("C:\Program Files\MiKTeX 2.9\tex/latex/graphics-cfg\graphics.cfg"
File: graphics.cfg 2016/06/04 v1.11 sample graphics configuration
)
Package graphics Info: Driver file: pdftex.def on input line 105.

("C:\Program Files\MiKTeX 2.9\tex/latex/graphics-def\pdftex.def"
File: pdftex.def 2018/01/08 v1.0l Graphics/color driver for pdftex
))
\Gin@req@height=\dimen150
\Gin@req@width=\dimen151
)
("C:\Program Files\MiKTeX 2.9\tex/latex/pdfpages\pdfpages.sty"
Package: pdfpages 2020/01/28 v0.5q Insert pages of external PDF documents (AM)

("C:\Program Files\MiKTeX 2.9\tex/latex/base\ifthen.sty"
Package: ifthen 2014/09/29 v1.1c Standard LaTeX ifthen package (DPC)
)
("C:\Program Files\MiKTeX 2.9\tex/latex/tools\calc.sty"
Package: calc 2017/05/25 v4.3 Infix arithmetic (KKT,FJ)
\calc@Acount=\count178
\calc@Bcount=\count179
\calc@Adimen=\dimen152
\calc@Bdimen=\dimen153
\calc@Askip=\skip56
\calc@Bskip=\skip57
LaTeX Info: Redefining \setlength on input line 80.
LaTeX Info: Redefining \addtolength on input line 81.
\calc@Ccount=\count180
\calc@Cskip=\skip58
)
("C:\Program Files\MiKTeX 2.9\tex/latex/eso-pic\eso-pic.sty"
Package: eso-pic 2018/04/12 v2.0h eso-pic (RN)

("C:\Program Files\MiKTeX 2.9\tex/generic/atbegshi\atbegshi.sty"
Package: atbegshi 2019/12/05 v1.19 At begin shipout hook (HO)

("C:\Program Files\MiKTeX 2.9\tex/generic/infwarerr\infwarerr.sty"
Package: infwarerr 2019/12/03 v1.5 Providing info/warning/error messages (HO)
)
("C:\Program Files\MiKTeX 2.9\tex/generic/ltxcmds\ltxcmds.sty"
Package: ltxcmds 2019/12/15 v1.24 LaTeX kernel commands for general use (HO)
))
("C:\Program Files\MiKTeX 2.9\tex/latex/xcolor\xcolor.sty"
Package: xcolor 2016/05/11 v2.12 LaTeX color extensions (UK)

("C:\Program Files\MiKTeX 2.9\tex/latex/graphics-cfg\color.cfg"
File: color.cfg 2016/01/02 v1.6 sample color configuration
)
Package xcolor Info: Driver file: pdftex.def on input line 225.
Package xcolor Info: Model `cmy' substituted by `cmy0' on input line 1348.
Package xcolor Info: Model `hsb' substituted by `rgb' on input line 1352.
Package xcolor Info: Model `RGB' extended on input line 1364.
Package xcolor Info: Model `HTML' substituted by `rgb' on input line 1366.
Package xcolor Info: Model `Hsb' substituted by `hsb' on input line 1367.
Package xcolor Info: Model `tHsb' substituted by `hsb' on input line 1368.
Package xcolor Info: Model `HSB' substituted by `hsb' on input line 1369.
Package xcolor Info: Model `Gray' substituted by `gray' on input line 1370.
Package xcolor Info: Model `wave' substituted by `hsb' on input line 1371.
))
\AM@pagewidth=\dimen154
\AM@pageheight=\dimen155

("C:\Program Files\MiKTeX 2.9\tex/latex/pdfpages\pppdftex.def"
File: pppdftex.def 2020/01/28 v0.5q Pdfpages driver for pdfTeX (AM)
)
\AM@pagebox=\box48
\AM@global@opts=\toks19
\AM@pagecnt=\count181
\AM@toc@title=\toks20
\c@AM@survey=\count182
\AM@templatesizebox=\box49
)
("C:\Program Files\MiKTeX 2.9\tex/latex/caption\caption.sty"
Package: caption 2020/01/03 v3.4h Customizing captions (AR)

("C:\Program Files\MiKTeX 2.9\tex/latex/caption\caption3.sty"
Package: caption3 2020/01/03 v1.8h caption3 kernel (AR)
Package caption3 Info: TeX engine: e-TeX on input line 61.
\captionmargin=\dimen156
\captionmargin@=\dimen157
\captionwidth=\dimen158
\caption@tempdima=\dimen159
\caption@indent=\dimen160
\caption@parindent=\dimen161
\caption@hangindent=\dimen162
Package caption Info: Standard document class detected.
)
\c@caption@flags=\count183
\c@continuedfloat=\count184
)
("C:\Program Files\MiKTeX 2.9\tex/latex/base\fontenc.sty"
Package: fontenc 2020/02/11 v2.0o Standard LaTeX package
)
("C:\Program Files\MiKTeX 2.9\tex/latex/lm\lmodern.sty"
Package: lmodern 2009/10/30 v1.6 Latin Modern Fonts
LaTeX Font Info:    Overwriting symbol font `operators' in version `normal'
(Font)                  OT1/cmr/m/n --> OT1/lmr/m/n on input line 22.
LaTeX Font Info:    Overwriting symbol font `letters' in version `normal'
(Font)                  OML/cmm/m/it --> OML/lmm/m/it on input line 23.
LaTeX Font Info:    Overwriting symbol font `symbols' in version `normal'
(Font)                  OMS/cmsy/m/n --> OMS/lmsy/m/n on input line 24.
LaTeX Font Info:    Overwriting symbol font `largesymbols' in version `normal'
(Font)                  OMX/cmex/m/n --> OMX/lmex/m/n on input line 25.
LaTeX Font Info:    Overwriting symbol font `operators' in version `bold'
(Font)                  OT1/cmr/bx/n --> OT1/lmr/bx/n on input line 26.
LaTeX Font Info:    Overwriting symbol font `letters' in version `bold'
(Font)                  OML/cmm/b/it --> OML/lmm/b/it on input line 27.
LaTeX Font Info:    Overwriting symbol font `symbols' in version `bold'
(Font)                  OMS/cmsy/b/n --> OMS/lmsy/b/n on input line 28.
LaTeX Font Info:    Overwriting symbol font `largesymbols' in version `bold'
(Font)                  OMX/cmex/m/n --> OMX/lmex/m/n on input line 29.
LaTeX Font Info:    Overwriting math alphabet `\mathbf' in version `normal'
(Font)                  OT1/cmr/bx/n --> OT1/lmr/bx/n on input line 31.
LaTeX Font Info:    Overwriting math alphabet `\mathsf' in version `normal'
(Font)                  OT1/cmss/m/n --> OT1/lmss/m/n on input line 32.
LaTeX Font Info:    Overwriting math alphabet `\mathit' in version `normal'
(Font)                  OT1/cmr/m/it --> OT1/lmr/m/it on input line 33.
LaTeX Font Info:    Overwriting math alphabet `\mathtt' in version `normal'
(Font)                  OT1/cmtt/m/n --> OT1/lmtt/m/n on input line 34.
LaTeX Font Info:    Overwriting math alphabet `\mathbf' in version `bold'
(Font)                  OT1/cmr/bx/n --> OT1/lmr/bx/n on input line 35.
LaTeX Font Info:    Overwriting math alphabet `\mathsf' in version `bold'
(Font)                  OT1/cmss/bx/n --> OT1/lmss/bx/n on input line 36.
LaTeX Font Info:    Overwriting math alphabet `\mathit' in version `bold'
(Font)                  OT1/cmr/bx/it --> OT1/lmr/bx/it on input line 37.
LaTeX Font Info:    Overwriting math alphabet `\mathtt' in version `bold'
(Font)                  OT1/cmtt/m/n --> OT1/lmtt/m/n on input line 38.
)
("C:\Program Files\MiKTeX 2.9\tex/latex/l3backend\l3backend-pdfmode.def"
File: l3backend-pdfmode.def 2020-03-12 L3 backend support: PDF mode
\l__kernel_color_stack_int=\count185
\l__pdf_internal_box=\box50
)
(CV_JoaoPereira_Source.aux)
\openout1 = `CV_JoaoPereira_Source.aux'.

LaTeX Font Info:    Checking defaults for OML/cmm/m/it on input line 81.
LaTeX Font Info:    ... okay on input line 81.
LaTeX Font Info:    Checking defaults for OMS/cmsy/m/n on input line 81.
LaTeX Font Info:    ... okay on input line 81.
LaTeX Font Info:    Checking defaults for OT1/cmr/m/n on input line 81.
LaTeX Font Info:    ... okay on input line 81.
LaTeX Font Info:    Checking defaults for T1/cmr/m/n on input line 81.
LaTeX Font Info:    ... okay on input line 81.
LaTeX Font Info:    Checking defaults for TS1/cmr/m/n on input line 81.
LaTeX Font Info:    ... okay on input line 81.
LaTeX Font Info:    Checking defaults for OMX/cmex/m/n on input line 81.
LaTeX Font Info:    ... okay on input line 81.
LaTeX Font Info:    Checking defaults for U/cmr/m/n on input line 81.
LaTeX Font Info:    ... okay on input line 81.
LaTeX Font Info:    Trying to load font information for T1+lmr on input line 81
.
 ("C:\Program Files\MiKTeX 2.9\tex/latex/lm\t1lmr.fd"
File: t1lmr.fd 2009/10/30 v1.6 Font defs for Latin Modern
)
*geometry* driver: auto-detecting
*geometry* detected driver: pdftex
*geometry* verbose mode - [ preamble ] result:
* driver: pdftex
* paper: <default>
* layout: <same size as paper>
* layoutoffset:(h,v)=(0.0pt,0.0pt)
* modes: 
* h-part:(L,W,R)=(85.35826pt, 443.57848pt, 85.35826pt)
* v-part:(T,H,B)=(85.35826pt, 624.25346pt, 85.35826pt)
* \paperwidth=614.295pt
* \paperheight=794.96999pt
* \textwidth=443.57848pt
* \textheight=624.25346pt
* \oddsidemargin=13.08827pt
* \evensidemargin=13.08827pt
* \topmargin=-23.91173pt
* \headheight=12.0pt
* \headsep=25.0pt
* \topskip=10.0pt
* \footskip=30.0pt
* \marginparwidth=65.0pt
* \marginparsep=11.0pt
* \columnsep=10.0pt
* \skip\footins=9.0pt plus 4.0pt minus 2.0pt
* \hoffset=0.0pt
* \voffset=0.0pt
* \mag=1000
* \@twocolumnfalse
* \@twosidefalse
* \@mparswitchfalse
* \@reversemarginfalse
* (1in=72.27pt=25.4mm, 1cm=28.453pt)

("C:\Program Files\MiKTeX 2.9\tex/context/base/mkii\supp-pdf.mkii"
[Loading MPS to PDF converter (version 2006.09.02).]
\scratchcounter=\count186
\scratchdimen=\dimen163
\scratchbox=\box51
\nofMPsegments=\count187
\nofMParguments=\count188
\everyMPshowfont=\toks21
\MPscratchCnt=\count189
\MPscratchDim=\dimen164
\MPnumerator=\count190
\makeMPintoPDFobject=\count191
\everyMPtoPDFconversion=\toks22
) ("C:\Program Files\MiKTeX 2.9\tex/latex/epstopdf-pkg\epstopdf-base.sty"
Package: epstopdf-base 2020-01-24 v2.11 Base part for package epstopdf
Package epstopdf-base Info: Redefining graphics rule for `.eps' on input line 4
85.
)
\AtBeginShipoutBox=\box52

("C:\Program Files\MiKTeX 2.9\tex/latex/pdflscape\pdflscape.sty"
Package: pdflscape 2019/12/05 v0.12 Display of landscape pages in PDF (HO)

("C:\Program Files\MiKTeX 2.9\tex/latex/graphics\lscape.sty"
Package: lscape 2000/10/22 v3.01 Landscape Pages (DPC)
)
Package pdflscape Info: Auto-detected driver: pdftex on input line 81.
)
Package caption Info: Begin \AtBeginDocument code.
Package caption Info: End \AtBeginDocument code.
LaTeX Font Info:    Trying to load font information for OT1+lmr on input line 9
1.

("C:\Program Files\MiKTeX 2.9\tex/latex/lm\ot1lmr.fd"
File: ot1lmr.fd 2009/10/30 v1.6 Font defs for Latin Modern
)
LaTeX Font Info:    Trying to load font information for OML+lmm on input line 9
1.

("C:\Program Files\MiKTeX 2.9\tex/latex/lm\omllmm.fd"
File: omllmm.fd 2009/10/30 v1.6 Font defs for Latin Modern
)
LaTeX Font Info:    Trying to load font information for OMS+lmsy on input line 
91.

("C:\Program Files\MiKTeX 2.9\tex/latex/lm\omslmsy.fd"
File: omslmsy.fd 2009/10/30 v1.6 Font defs for Latin Modern
)
LaTeX Font Info:    Trying to load font information for OMX+lmex on input line 
91.

("C:\Program Files\MiKTeX 2.9\tex/latex/lm\omxlmex.fd"
File: omxlmex.fd 2009/10/30 v1.6 Font defs for Latin Modern
)
LaTeX Font Info:    External font `lmex10' loaded for size
(Font)              <10> on input line 91.
LaTeX Font Info:    External font `lmex10' loaded for size
(Font)              <7> on input line 91.
LaTeX Font Info:    External font `lmex10' loaded for size
(Font)              <5> on input line 91.
<Foto_JoaoPereira.jpg, id=1, 932.7648pt x 624.4128pt>
File: Foto_JoaoPereira.jpg Graphic file (type jpg)
<use Foto_JoaoPereira.jpg>
Package pdftex.def Info: Foto_JoaoPereira.jpg  used on input line 93.
(pdftex.def)             Requested size: 153.00288pt x 102.42992pt.
LaTeX Font Info:    External font `lmex10' loaded for size
(Font)              <14.4> on input line 131.
 [1

{C:/Users/PC/AppData/Local/MiKTeX/2.9/pdftex/config/pdftex.map} <./Foto_JoaoPer
eira.jpg>]

LaTeX Warning: Command \textendash invalid in math mode on input line 157.


LaTeX Warning: Command \textendash invalid in math mode on input line 158.


LaTeX Warning: Command \textendash invalid in math mode on input line 159.


LaTeX Warning: Command \textendash invalid in math mode on input line 160.


LaTeX Warning: Command \textendash invalid in math mode on input line 161.


LaTeX Warning: Command \textendash invalid in math mode on input line 166.


LaTeX Warning: Command \textendash invalid in math mode on input line 167.


LaTeX Warning: Command \textendash invalid in math mode on input line 168.

(CV_JoaoPereira_Source.lof)
\tf@lof=\write3
\openout3 = `CV_JoaoPereira_Source.lof'.

 [2]
<attachments/certidão_licenciatura.jpg, id=17, 614.295pt x 844.8363pt>
File: attachments/certidão_licenciatura.jpg Graphic file (type jpg)
<use attachments/certidão_licenciatura.jpg>
Package pdftex.def Info: attachments/certidão_licenciatura.jpg  used on input 
line 177.
(pdftex.def)             Requested size: 399.21791pt x 549.04686pt.
 [3 <./attachments/certidão_licenciatura.jpg>]
<attachments/Ciência_e_cidadania_2017 003.jpg, id=21, 614.295pt x 424.2249pt>
File: attachments/Ciência_e_cidadania_2017 003.jpg Graphic file (type jpg)
<use attachments/Ciência_e_cidadania_2017 003.jpg>
Package pdftex.def Info: attachments/Ciência_e_cidadania_2017 003.jpg  used on
 input line 178.
(pdftex.def)             Requested size: 399.21791pt x 275.69759pt.

[4 <./attachments/Ciência_e_cidadania_2017 003.jpg>]
<attachments/Ciência_e_cidadania_2019 001.jpg, id=25, 614.295pt x 398.4486pt>
File: attachments/Ciência_e_cidadania_2019 001.jpg Graphic file (type jpg)
<use attachments/Ciência_e_cidadania_2019 001.jpg>
Package pdftex.def Info: attachments/Ciência_e_cidadania_2019 001.jpg  used on
 input line 179.
(pdftex.def)             Requested size: 399.21791pt x 258.94595pt.
 [5 <./attachments/Ciência_e_cidadania_2019 001.jpg>]
<attachments/I_Biochemistry_sessions_2019.jpg, id=29, 614.295pt x 420.3705pt>
File: attachments/I_Biochemistry_sessions_2019.jpg Graphic file (type jpg)
<use attachments/I_Biochemistry_sessions_2019.jpg>
Package pdftex.def Info: attachments/I_Biochemistry_sessions_2019.jpg  used on 
input line 180.
(pdftex.def)             Requested size: 399.21791pt x 273.19269pt.
 [6 <./attachments/I_Biochemistry_sessions_2019.jpg>]
<attachments/XIIENEBIOQ_workshops_2019.jpg, id=33, 969.6225pt x 685.8122pt>
File: attachments/XIIENEBIOQ_workshops_2019.jpg Graphic file (type jpg)
<use attachments/XIIENEBIOQ_workshops_2019.jpg>
Package pdftex.def Info: attachments/XIIENEBIOQ_workshops_2019.jpg  used on inp
ut line 181.
(pdftex.def)             Requested size: 399.21791pt x 282.36732pt.
 [7 <./attachments/XIIENEBIOQ_workshops_2019.jpg>]
<attachments/XIIENEBIOQ_2019.jpg, id=38, 971.88094pt x 691.83469pt>
File: attachments/XIIENEBIOQ_2019.jpg Graphic file (type jpg)
<use attachments/XIIENEBIOQ_2019.jpg>
Package pdftex.def Info: attachments/XIIENEBIOQ_2019.jpg  used on input line 18
2.
(pdftex.def)             Requested size: 399.21791pt x 284.18188pt.
 [8 <./attachments/XIIENEBIOQ_2019.jpg>]
<attachments/XIENEBIOQ_2018.jpg, id=42, 722.7pt x 1043.9pt>
File: attachments/XIENEBIOQ_2018.jpg Graphic file (type jpg)
<use attachments/XIENEBIOQ_2018.jpg>
Package pdftex.def Info: attachments/XIENEBIOQ_2018.jpg  used on input line 183
.
(pdftex.def)             Requested size: 399.21791pt x 576.64757pt.
 [9 <./attachments/XIENEBIOQ_2018.jpg>]
<attachments/XIENEBIOQ_workshop1_2018.jpg, id=46, 542.025pt x 782.925pt>
File: attachments/XIENEBIOQ_workshop1_2018.jpg Graphic file (type jpg)
<use attachments/XIENEBIOQ_workshop1_2018.jpg>
Package pdftex.def Info: attachments/XIENEBIOQ_workshop1_2018.jpg  used on inpu
t line 184.
(pdftex.def)             Requested size: 399.21791pt x 576.66748pt.
 [10 <./attachments/XIENEBIOQ_workshop1_2018.jpg>]
<attachments/XIENEBIOQ_workshop2_2018.jpg, id=50, 542.025pt x 782.925pt>
File: attachments/XIENEBIOQ_workshop2_2018.jpg Graphic file (type jpg)
<use attachments/XIENEBIOQ_workshop2_2018.jpg>
Package pdftex.def Info: attachments/XIENEBIOQ_workshop2_2018.jpg  used on inpu
t line 185.
(pdftex.def)             Requested size: 399.21791pt x 576.66748pt.
 [11 <./attachments/XIENEBIOQ_workshop2_2018.jpg>]
(CV_JoaoPereira_Source.aux) ) 
Here is how much of TeX's memory you used:
 5069 strings out of 480934
 78112 string characters out of 2909691
 326739 words of memory out of 3000000
 20857 multiletter control sequences out of 15000+200000
 586246 words of font info for 50 fonts, out of 3000000 for 9000
 1141 hyphenation exceptions out of 8191
 41i,9n,45p,336b,312s stack positions out of 5000i,500n,10000p,200000b,50000s
{C:/Program Files/MiKTeX 2.9/fonts/enc/dvips/lm/lm
-rm.enc}{C:/Program Files/MiKTeX 2.9/fonts/enc/dvips/lm/lm-ec.enc}{C:/Program F
iles/MiKTeX 2.9/fonts/enc/dvips/lm/lm-mathsy.enc}<C:/Program Files/MiKTeX 2.9/f
onts/type1/public/lm/lmbx10.pfb><C:/Program Files/MiKTeX 2.9/fonts/type1/public
/lm/lmbx12.pfb><C:/Program Files/MiKTeX 2.9/fonts/type1/public/lm/lmbx7.pfb><C:
/Program Files/MiKTeX 2.9/fonts/type1/public/lm/lmr10.pfb><C:/Program Files/MiK
TeX 2.9/fonts/type1/public/lm/lmri10.pfb><C:/Program Files/MiKTeX 2.9/fonts/typ
e1/public/lm/lmri12.pfb><C:/Program Files/MiKTeX 2.9/fonts/type1/public/lm/lmsy
10.pfb>
Output written on CV_JoaoPereira_Source.pdf (11 pages, 5838263 bytes).
PDF statistics:
 81 PDF objects out of 1000 (max. 8388607)
 0 named destinations out of 1000 (max. 500000)
 51 words of extra memory for PDF output out of 10000 (max. 10000000)

