\BOOKMARK [1][-]{section.1}{Personal data}{}% 1
\BOOKMARK [2][-]{subsubsection.1.0.1}{Name}{section.1}% 2
\BOOKMARK [3][-]{subsubsection.1.0.2}{Date of birth}{subsubsection.1.0.1}% 3
\BOOKMARK [3][-]{subsubsection.1.0.3}{Nationality}{subsubsection.1.0.1}% 4
\BOOKMARK [3][-]{subsubsection.1.0.4}{Address}{subsubsection.1.0.1}% 5
\BOOKMARK [3][-]{subsubsection.1.0.5}{Phone}{subsubsection.1.0.1}% 6
\BOOKMARK [3][-]{subsubsection.1.0.6}{Email}{subsubsection.1.0.1}% 7
\BOOKMARK [3][-]{subsubsection.1.0.7}{Github}{subsubsection.1.0.1}% 8
\BOOKMARK [1][-]{section.2}{Academic Education}{}% 9
\BOOKMARK [1][-]{section.3}{Technical Skills}{}% 10
\BOOKMARK [2][-]{subsection.3.1}{Languages}{section.3}% 11
\BOOKMARK [3][-]{subsubsection.3.1.1}{Portuguese}{subsection.3.1}% 12
\BOOKMARK [3][-]{subsubsection.3.1.2}{English}{subsection.3.1}% 13
\BOOKMARK [2][-]{subsection.3.2}{Programing Languages}{section.3}% 14
\BOOKMARK [3][-]{subsubsection.3.2.1}{C}{subsection.3.2}% 15
\BOOKMARK [3][-]{subsubsection.3.2.2}{Python}{subsection.3.2}% 16
\BOOKMARK [3][-]{subsubsection.3.2.3}{Java}{subsection.3.2}% 17
\BOOKMARK [3][-]{subsubsection.3.2.4}{R}{subsection.3.2}% 18
\BOOKMARK [3][-]{subsubsection.3.2.5}{Matlab}{subsection.3.2}% 19
\BOOKMARK [2][-]{subsection.3.3}{Markup Languages}{section.3}% 20
\BOOKMARK [3][-]{subsubsection.3.3.1}{LaTeX}{subsection.3.3}% 21
\BOOKMARK [3][-]{subsubsection.3.3.2}{R Markdown}{subsection.3.3}% 22
\BOOKMARK [1][-]{section.4}{Conferences attended}{}% 23
\BOOKMARK [2][-]{subsection.4.1}{Workshops}{section.4}% 24
